{"timestamp":"2026-03-16T22:26:59Z","operation":"burn","pinned_bead_id":"ore-3gx","detached_molecule":"ore-wisp-al5s","reason":"polecat nuked: cleaning stale molecule","previous_state":"open"}
{"timestamp":"2026-03-16T23:19:00Z","operation":"burn","pinned_bead_id":"ore-4ju","detached_molecule":"ore-wisp-eznj","reason":"polecat nuked: cleaning stale molecule","previous_state":"hooked"}
{"timestamp":"2026-03-16T23:36:02Z","operation":"burn","pinned_bead_id":"ore-4ju","detached_molecule":"ore-wisp-luc5","reason":"polecat nuked: cleaning stale molecule","previous_state":"hooked"}
{"timestamp":"2026-03-17T02:33:22Z","operation":"burn","pinned_bead_id":"ore-uck","detached_molecule":"ore-wisp-uh14","reason":"polecat nuked: cleaning stale molecule","previous_state":"hooked"}
{"timestamp":"2026-03-17T02:33:26Z","operation":"burn","pinned_bead_id":"ore-6pr","detached_molecule":"ore-wisp-na6i","reason":"polecat nuked: cleaning stale molecule","previous_state":"hooked"}
{"timestamp":"2026-03-17T02:36:22Z","operation":"burn","pinned_bead_id":"ore-6m9","detached_molecule":"ore-wisp-hzv7","reason":"polecat nuked: cleaning stale molecule","previous_state":"hooked"}
{"timestamp":"2026-03-17T02:37:34Z","operation":"burn","pinned_bead_id":"ore-9ih","detached_molecule":"ore-wisp-wmwa","reason":"polecat nuked: cleaning stale molecule","previous_state":"hooked"}
{"timestamp":"2026-03-17T02:38:46Z","operation":"burn","pinned_bead_id":"ore-zgg","detached_molecule":"ore-wisp-yoin","reason":"polecat nuked: cleaning stale molecule","previous_state":"hooked"}
{"timestamp":"2026-03-17T02:38:47Z","operation":"burn","pinned_bead_id":"ore-bry","detached_molecule":"ore-wisp-uwwl","reason":"polecat nuked: cleaning stale molecule","previous_state":"hooked"}
{"timestamp":"2026-03-17T02:40:25Z","operation":"burn","pinned_bead_id":"ore-pn2","detached_molecule":"ore-wisp-ycwg","reason":"polecat nuked: cleaning stale molecule","previous_state":"hooked"}
{"timestamp":"2026-03-17T02:48:20Z","operation":"burn","pinned_bead_id":"ore-c1f","detached_molecule":"ore-wisp-5e75","reason":"polecat nuked: cleaning stale molecule","previous_state":"hooked"}
{"timestamp":"2026-03-17T02:55:43Z","operation":"burn","pinned_bead_id":"ore-zgc","detached_molecule":"ore-wisp-a07d","reason":"polecat nuked: cleaning stale molecule","previous_state":"hooked"}
{"timestamp":"2026-03-17T03:35:11Z","operation":"burn","pinned_bead_id":"ore-8vm","detached_molecule":"ore-wisp-orq5","reason":"polecat nuked: cleaning stale molecule","previous_state":"hooked"}
{"timestamp":"2026-03-17T03:35:14Z","operation":"burn","pinned_bead_id":"ore-w13","detached_molecule":"ore-wisp-m0io","reason":"polecat nuked: cleaning stale molecule","previous_state":"hooked"}
{"timestamp":"2026-03-17T03:35:18Z","operation":"burn","pinned_bead_id":"ore-mwk","detached_molecule":"ore-wisp-sam0","reason":"polecat nuked: cleaning stale molecule","previous_state":"hooked"}
{"timestamp":"2026-03-17T04:08:45Z","operation":"burn","pinned_bead_id":"ore-8ka","detached_molecule":"ore-wisp-98lo","reason":"polecat nuked: cleaning stale molecule","previous_state":"hooked"}
{"timestamp":"2026-03-17T04:08:52Z","operation":"burn","pinned_bead_id":"ore-75v","detached_molecule":"ore-wisp-2sv6","reason":"polecat nuked: cleaning stale molecule","previous_state":"hooked"}
{"timestamp":"2026-03-17T04:10:09Z","operation":"burn","pinned_bead_id":"ore-smi","detached_molecule":"ore-wisp-pfdy","reason":"polecat nuked: cleaning stale molecule","previous_state":"hooked"}
{"timestamp":"2026-03-17T06:14:51Z","operation":"burn","pinned_bead_id":"ore-5rd","detached_molecule":"ore-wisp-fyk6","reason":"polecat nuked: cleaning stale molecule","previous_state":"hooked"}
{"timestamp":"2026-03-17T06:14:55Z","operation":"burn","pinned_bead_id":"ore-i38","detached_molecule":"ore-wisp-4gci","reason":"polecat nuked: cleaning stale molecule","previous_state":"hooked"}
{"timestamp":"2026-03-17T06:14:58Z","operation":"burn","pinned_bead_id":"ore-9ub","detached_molecule":"ore-wisp-rtvi","reason":"polecat nuked: cleaning stale molecule","previous_state":"in_progress"}
{"timestamp":"2026-03-17T06:15:02Z","operation":"burn","pinned_bead_id":"ore-cjc","detached_molecule":"ore-wisp-5yi9","reason":"polecat nuked: cleaning stale molecule","previous_state":"hooked"}
{"timestamp":"2026-03-17T06:15:05Z","operation":"burn","pinned_bead_id":"ore-a5k","detached_molecule":"ore-wisp-z6wl","reason":"polecat nuked: cleaning stale molecule","previous_state":"hooked"}
{"timestamp":"2026-03-17T06:18:45Z","operation":"burn","pinned_bead_id":"ore-76p","detached_molecule":"ore-wisp-vf93","reason":"polecat nuked: cleaning stale molecule","previous_state":"hooked"}
{"timestamp":"2026-03-17T06:18:56Z","operation":"burn","pinned_bead_id":"ore-3v2","detached_molecule":"ore-wisp-i6bo","reason":"polecat nuked: cleaning stale molecule","previous_state":"hooked"}
{"timestamp":"2026-03-17T06:30:56Z","operation":"burn","pinned_bead_id":"ore-qwx","detached_molecule":"ore-wisp-1po4","reason":"polecat nuked: cleaning stale molecule","previous_state":"hooked"}
{"timestamp":"2026-03-17T06:31:02Z","operation":"burn","pinned_bead_id":"ore-9cb","detached_molecule":"ore-wisp-m90n","reason":"polecat nuked: cleaning stale molecule","previous_state":"hooked"}
{"timestamp":"2026-03-17T06:31:11Z","operation":"burn","pinned_bead_id":"ore-ehe","detached_molecule":"ore-wisp-q3d5","reason":"polecat nuked: cleaning stale molecule","previous_state":"hooked"}
{"timestamp":"2026-03-17T06:31:17Z","operation":"burn","pinned_bead_id":"ore-50f","detached_molecule":"ore-wisp-mlth","reason":"polecat nuked: cleaning stale molecule","previous_state":"hooked"}
{"timestamp":"2026-03-17T06:31:23Z","operation":"burn","pinned_bead_id":"ore-fef","detached_molecule":"ore-wisp-vw3t","reason":"polecat nuked: cleaning stale molecule","previous_state":"hooked"}
{"timestamp":"2026-03-17T06:31:36Z","operation":"burn","pinned_bead_id":"ore-wua","detached_molecule":"ore-wisp-8gf1","reason":"polecat nuked: cleaning stale molecule","previous_state":"hooked"}
{"timestamp":"2026-03-17T06:32:03Z","operation":"burn","pinned_bead_id":"ore-22b","detached_molecule":"ore-wisp-803z","reason":"polecat nuked: cleaning stale molecule","previous_state":"hooked"}
{"timestamp":"2026-03-17T06:32:10Z","operation":"burn","pinned_bead_id":"ore-r32","detached_molecule":"ore-wisp-3mhs","reason":"polecat nuked: cleaning stale molecule","previous_state":"hooked"}
{"timestamp":"2026-03-17T06:32:17Z","operation":"burn","pinned_bead_id":"ore-4kn","detached_molecule":"ore-wisp-vr4p","reason":"polecat nuked: cleaning stale molecule","previous_state":"hooked"}
{"timestamp":"2026-03-17T06:32:23Z","operation":"burn","pinned_bead_id":"ore-gga","detached_molecule":"ore-wisp-l3vv","reason":"polecat nuked: cleaning stale molecule","previous_state":"hooked"}
{"timestamp":"2026-03-17T06:32:30Z","operation":"burn","pinned_bead_id":"ore-sbh","detached_molecule":"ore-wisp-ifl7","reason":"polecat nuked: cleaning stale molecule","previous_state":"hooked"}
{"timestamp":"2026-03-17T06:33:51Z","operation":"burn","pinned_bead_id":"ore-4t7","detached_molecule":"ore-wisp-8pf1","reason":"polecat nuked: cleaning stale molecule","previous_state":"hooked"}
{"timestamp":"2026-03-17T06:33:59Z","operation":"burn","pinned_bead_id":"ore-a40","detached_molecule":"ore-wisp-9i4k","reason":"polecat nuked: cleaning stale molecule","previous_state":"in_progress"}
{"timestamp":"2026-03-17T06:34:07Z","operation":"burn","pinned_bead_id":"ore-qkq","detached_molecule":"ore-wisp-wv6b","reason":"polecat nuked: cleaning stale molecule","previous_state":"in_progress"}
{"timestamp":"2026-03-17T06:34:21Z","operation":"burn","pinned_bead_id":"ore-7om","detached_molecule":"ore-wisp-xxjf","reason":"polecat nuked: cleaning stale molecule","previous_state":"hooked"}
{"timestamp":"2026-03-17T06:34:27Z","operation":"burn","pinned_bead_id":"ore-bzp","detached_molecule":"ore-wisp-vcux","reason":"polecat nuked: cleaning stale molecule","previous_state":"hooked"}
{"timestamp":"2026-03-17T06:34:32Z","operation":"burn","pinned_bead_id":"ore-6fr","detached_molecule":"ore-wisp-dx7p","reason":"polecat nuked: cleaning stale molecule","previous_state":"hooked"}
{"timestamp":"2026-03-17T06:40:18Z","operation":"burn","pinned_bead_id":"ore-y2n","detached_molecule":"ore-wisp-b5u3","reason":"polecat nuked: cleaning stale molecule","previous_state":"hooked"}
{"timestamp":"2026-03-17T06:40:44Z","operation":"burn","pinned_bead_id":"ore-7my","detached_molecule":"ore-wisp-pvi3","reason":"polecat nuked: cleaning stale molecule","previous_state":"hooked"}
{"timestamp":"2026-03-17T06:40:49Z","operation":"burn","pinned_bead_id":"ore-8go","detached_molecule":"ore-wisp-ka7y","reason":"polecat nuked: cleaning stale molecule","previous_state":"hooked"}
{"timestamp":"2026-03-17T06:40:53Z","operation":"burn","pinned_bead_id":"ore-dpu","detached_molecule":"ore-wisp-kpre","reason":"polecat nuked: cleaning stale molecule","previous_state":"hooked"}
{"timestamp":"2026-03-17T06:49:49Z","operation":"burn","pinned_bead_id":"ore-02t","detached_molecule":"ore-wisp-370p","reason":"polecat nuked: cleaning stale molecule","previous_state":"hooked"}
{"timestamp":"2026-03-17T06:49:53Z","operation":"burn","pinned_bead_id":"ore-194","detached_molecule":"ore-wisp-mdqn","reason":"polecat nuked: cleaning stale molecule","previous_state":"hooked"}
{"timestamp":"2026-03-17T06:49:58Z","operation":"burn","pinned_bead_id":"ore-22b","detached_molecule":"ore-wisp-t7by","reason":"polecat nuked: cleaning stale molecule","previous_state":"hooked"}
{"timestamp":"2026-03-17T06:50:03Z","operation":"burn","pinned_bead_id":"ore-g9m","detached_molecule":"ore-wisp-bcr7","reason":"polecat nuked: cleaning stale molecule","previous_state":"hooked"}
{"timestamp":"2026-03-17T06:50:09Z","operation":"burn","pinned_bead_id":"ore-50f","detached_molecule":"ore-wisp-sfam","reason":"polecat nuked: cleaning stale molecule","previous_state":"in_progress"}
{"timestamp":"2026-03-17T06:50:22Z","operation":"burn","pinned_bead_id":"ore-95z","detached_molecule":"ore-wisp-m4wc","reason":"polecat nuked: cleaning stale molecule","previous_state":"hooked"}
{"timestamp":"2026-03-17T06:57:33Z","operation":"burn","pinned_bead_id":"ore-gga","detached_molecule":"ore-wisp-sq53","reason":"polecat nuked: cleaning stale molecule","previous_state":"hooked"}
{"timestamp":"2026-03-17T06:59:04Z","operation":"burn","pinned_bead_id":"ore-9cb","detached_molecule":"ore-wisp-pmcd","reason":"polecat nuked: cleaning stale molecule","previous_state":"hooked"}
{"timestamp":"2026-03-17T07:03:17Z","operation":"burn","pinned_bead_id":"ore-ehe","detached_molecule":"ore-wisp-nytf","reason":"polecat nuked: cleaning stale molecule","previous_state":"hooked"}
{"timestamp":"2026-03-17T19:32:29Z","operation":"burn","pinned_bead_id":"ore-22b","detached_molecule":"ore-wisp-93dr","reason":"polecat nuked: cleaning stale molecule","previous_state":"hooked"}
{"timestamp":"2026-03-17T19:32:33Z","operation":"burn","pinned_bead_id":"ore-194","detached_molecule":"ore-wisp-iacs","reason":"polecat nuked: cleaning stale molecule","previous_state":"hooked"}
{"timestamp":"2026-03-17T19:32:38Z","operation":"burn","pinned_bead_id":"ore-95z","detached_molecule":"ore-wisp-eig5","reason":"polecat nuked: cleaning stale molecule","previous_state":"hooked"}
{"timestamp":"2026-03-17T19:32:42Z","operation":"burn","pinned_bead_id":"ore-02t","detached_molecule":"ore-wisp-xg6c","reason":"polecat nuked: cleaning stale molecule","previous_state":"hooked"}
{"timestamp":"2026-03-17T19:32:46Z","operation":"burn","pinned_bead_id":"ore-8go","detached_molecule":"ore-wisp-soyc","reason":"polecat nuked: cleaning stale molecule","previous_state":"hooked"}
{"timestamp":"2026-03-17T20:26:10Z","operation":"burn","pinned_bead_id":"ore-7om","detached_molecule":"ore-wisp-4l16","reason":"polecat nuked: cleaning stale molecule","previous_state":"hooked"}
{"timestamp":"2026-03-17T20:26:14Z","operation":"burn","pinned_bead_id":"ore-4t7","detached_molecule":"ore-wisp-jywh","reason":"polecat nuked: cleaning stale molecule","previous_state":"hooked"}
{"timestamp":"2026-03-17T20:26:18Z","operation":"burn","pinned_bead_id":"ore-a40","detached_molecule":"ore-wisp-jdb4","reason":"polecat nuked: cleaning stale molecule","previous_state":"hooked"}
{"timestamp":"2026-03-17T20:26:23Z","operation":"burn","pinned_bead_id":"ore-y2n","detached_molecule":"ore-wisp-x5xd","reason":"polecat nuked: cleaning stale molecule","previous_state":"hooked"}
{"timestamp":"2026-03-17T20:26:27Z","operation":"burn","pinned_bead_id":"ore-7my","detached_molecule":"ore-wisp-wzlg","reason":"polecat nuked: cleaning stale molecule","previous_state":"hooked"}
{"timestamp":"2026-03-17T20:26:31Z","operation":"burn","pinned_bead_id":"ore-qkq","detached_molecule":"ore-wisp-eg9g","reason":"polecat nuked: cleaning stale molecule","previous_state":"hooked"}
{"timestamp":"2026-03-17T21:36:10Z","operation":"burn","pinned_bead_id":"ore-24d","detached_molecule":"ore-wisp-3o2u","reason":"polecat nuked: cleaning stale molecule","previous_state":"hooked"}
{"timestamp":"2026-03-17T21:36:15Z","operation":"burn","pinned_bead_id":"ore-wua","detached_molecule":"ore-wisp-lzvb","reason":"polecat nuked: cleaning stale molecule","previous_state":"hooked"}
{"timestamp":"2026-03-17T22:28:56Z","operation":"burn","pinned_bead_id":"ore-50f","detached_molecule":"ore-wisp-q728","reason":"polecat nuked: cleaning stale molecule","previous_state":"hooked"}
{"timestamp":"2026-03-17T22:32:41Z","operation":"burn","pinned_bead_id":"ore-4ki","detached_molecule":"ore-wisp-fzds","reason":"polecat nuked: cleaning stale molecule","previous_state":"hooked"}
{"timestamp":"2026-03-17T22:34:53Z","operation":"burn","pinned_bead_id":"ore-3fd","detached_molecule":"ore-wisp-mk9d","reason":"polecat nuked: cleaning stale molecule","previous_state":"hooked"}
{"timestamp":"2026-03-17T22:35:06Z","operation":"burn","pinned_bead_id":"ore-apu","detached_molecule":"ore-wisp-cis6","reason":"polecat nuked: cleaning stale molecule","previous_state":"hooked"}
{"timestamp":"2026-03-17T22:35:18Z","operation":"burn","pinned_bead_id":"ore-g8n","detached_molecule":"ore-wisp-tdrx","reason":"polecat nuked: cleaning stale molecule","previous_state":"hooked"}
{"timestamp":"2026-03-17T22:50:38Z","operation":"burn","pinned_bead_id":"ore-5eb","detached_molecule":"ore-wisp-t6eg","reason":"polecat nuked: cleaning stale molecule","previous_state":"hooked"}
{"timestamp":"2026-03-17T22:54:06Z","operation":"burn","pinned_bead_id":"ore-04k","detached_molecule":"ore-wisp-yn3p","reason":"polecat nuked: cleaning stale molecule","previous_state":"hooked"}
{"timestamp":"2026-03-17T23:10:25Z","operation":"burn","pinned_bead_id":"ore-3os","detached_molecule":"ore-wisp-tkg1","reason":"polecat nuked: cleaning stale molecule","previous_state":"hooked"}
{"timestamp":"2026-03-17T23:11:23Z","operation":"burn","pinned_bead_id":"ore-1yt","detached_molecule":"ore-wisp-7nbq","reason":"polecat nuked: cleaning stale molecule","previous_state":"hooked"}
{"timestamp":"2026-03-17T23:14:29Z","operation":"burn","pinned_bead_id":"ore-34i","detached_molecule":"ore-wisp-87ny","reason":"polecat nuked: cleaning stale molecule","previous_state":"hooked"}
{"timestamp":"2026-03-17T23:15:08Z","operation":"burn","pinned_bead_id":"ore-apx","detached_molecule":"ore-wisp-ss4o","reason":"polecat nuked: cleaning stale molecule","previous_state":"in_progress"}
{"timestamp":"2026-03-17T23:15:37Z","operation":"burn","pinned_bead_id":"ore-ebe","detached_molecule":"ore-wisp-i4by","reason":"polecat nuked: cleaning stale molecule","previous_state":"hooked"}
{"timestamp":"2026-03-17T23:15:57Z","operation":"burn","pinned_bead_id":"ore-8fn","detached_molecule":"ore-wisp-nzr0","reason":"polecat nuked: cleaning stale molecule","previous_state":"hooked"}
{"timestamp":"2026-03-17T23:19:31Z","operation":"burn","pinned_bead_id":"ore-94d","detached_molecule":"ore-wisp-lasm","reason":"polecat nuked: cleaning stale molecule","previous_state":"hooked"}
{"timestamp":"2026-03-17T23:23:33Z","operation":"burn","pinned_bead_id":"ore-1yt","detached_molecule":"ore-wisp-b0mh","reason":"polecat nuked: cleaning stale molecule","previous_state":"hooked"}
{"timestamp":"2026-03-17T23:25:12Z","operation":"burn","pinned_bead_id":"ore-8fn","detached_molecule":"ore-wisp-6f1q","reason":"polecat nuked: cleaning stale molecule","previous_state":"hooked"}
{"timestamp":"2026-03-17T23:25:40Z","operation":"burn","pinned_bead_id":"ore-ko5","detached_molecule":"ore-wisp-jp2m","reason":"polecat nuked: cleaning stale molecule","previous_state":"in_progress"}
{"timestamp":"2026-03-17T23:25:44Z","operation":"burn","pinned_bead_id":"ore-8p8","detached_molecule":"ore-wisp-vj1u","reason":"polecat nuked: cleaning stale molecule","previous_state":"hooked"}
{"timestamp":"2026-03-17T23:25:48Z","operation":"burn","pinned_bead_id":"ore-inx","detached_molecule":"ore-wisp-lr06","reason":"polecat nuked: cleaning stale molecule","previous_state":"hooked"}
{"timestamp":"2026-03-17T23:27:17Z","operation":"burn","pinned_bead_id":"ore-88t","detached_molecule":"ore-wisp-8r6i","reason":"polecat nuked: cleaning stale molecule","previous_state":"hooked"}
{"timestamp":"2026-03-17T23:31:10Z","operation":"burn","pinned_bead_id":"ore-zq9","detached_molecule":"ore-wisp-719h","reason":"polecat nuked: cleaning stale molecule","previous_state":"hooked"}
{"timestamp":"2026-03-17T23:34:11Z","operation":"burn","pinned_bead_id":"ore-sg7","detached_molecule":"ore-wisp-k3as","reason":"polecat nuked: cleaning stale molecule","previous_state":"hooked"}
{"timestamp":"2026-03-17T23:48:18Z","operation":"burn","pinned_bead_id":"ore-7jw","detached_molecule":"ore-wisp-c8h4","reason":"polecat nuked: cleaning stale molecule","previous_state":"hooked"}
{"timestamp":"2026-03-17T23:49:03Z","operation":"burn","pinned_bead_id":"ore-49b","detached_molecule":"ore-wisp-9dua","reason":"polecat nuked: cleaning stale molecule","previous_state":"hooked"}
{"timestamp":"2026-03-17T23:54:50Z","operation":"burn","pinned_bead_id":"ore-udr","detached_molecule":"ore-wisp-7o01","reason":"polecat nuked: cleaning stale molecule","previous_state":"in_progress"}
{"timestamp":"2026-03-17T23:54:54Z","operation":"burn","pinned_bead_id":"ore-n7g","detached_molecule":"ore-wisp-vltz","reason":"polecat nuked: cleaning stale molecule","previous_state":"hooked"}
{"timestamp":"2026-03-17T23:55:01Z","operation":"burn","pinned_bead_id":"ore-86f","detached_molecule":"ore-wisp-241n","reason":"polecat nuked: cleaning stale molecule","previous_state":"hooked"}
{"timestamp":"2026-03-17T23:56:20Z","operation":"burn","pinned_bead_id":"ore-x6n","detached_molecule":"ore-wisp-4el7","reason":"polecat nuked: cleaning stale molecule","previous_state":"hooked"}
{"timestamp":"2026-03-18T00:07:17Z","operation":"burn","pinned_bead_id":"ore-udr","detached_molecule":"ore-wisp-k8a0","reason":"polecat nuked: cleaning stale molecule","previous_state":"hooked"}
{"timestamp":"2026-03-18T00:13:27Z","operation":"burn","pinned_bead_id":"ore-1js","detached_molecule":"ore-wisp-kbv0","reason":"polecat nuked: cleaning stale molecule","previous_state":"hooked"}
{"timestamp":"2026-03-18T00:36:19Z","operation":"burn","pinned_bead_id":"ore-208","detached_molecule":"ore-wisp-93ns","reason":"polecat nuked: cleaning stale molecule","previous_state":"hooked"}
{"timestamp":"2026-03-18T00:56:31Z","operation":"burn","pinned_bead_id":"ore-eak","detached_molecule":"ore-wisp-1c6c","reason":"polecat nuked: cleaning stale molecule","previous_state":"hooked"}
